<?xml version="1.0" encoding="UTF-8"?>
<!-- Generated by org.testng.reporters.JUnitXMLReporter -->
<testsuite hostname="Manoj" ignored="0" name="Default test" tests="6" failures="0" timestamp="17 Nov 2022 20:56:46 GMT" time="16.519" errors="0">
  <testcase name="loginValidation" time="2.414" classname="org.test.TestAutomation"/>
  <testcase name="verifyTheBalance" time="1.749" classname="org.test.TestAutomation"/>
  <testcase name="transeferFund" time="1.764" classname="org.test.TestAutomation"/>
  <testcase name="transcationFund" time="0.757" classname="org.test.TestAutomation"/>
  <testcase name="ContactValidation" time="2.477" classname="org.test.TestAutomation"/>
  <testcase name="signOff" time="0.852" classname="org.test.TestAutomation"/>
</testsuite> <!-- Default test -->
